<?xml version="1.0" encoding="UTF-8"?>
<testsuite xmlns:xsi="http://www.w3.org/2001/XMLSchema-instance" xsi:noNamespaceSchemaLocation="https://maven.apache.org/surefire/maven-surefire-plugin/xsd/surefire-test-report.xsd" name="com.souslesens.Jowl.JowlApplicationTests" time="3.203" tests="1" errors="0" skipped="0" failures="0">
  <properties>
    <property name="java.specification.version" value="17"/>
    <property name="sun.cpu.isalist" value="amd64"/>
    <property name="sun.jnu.encoding" value="Cp1252"/>
    <property name="java.class.path" value="C:\Users\Amine KAROUI\eclipse-workspace\Jowl\target\test-classes;C:\Users\Amine KAROUI\eclipse-workspace\Jowl\target\classes;C:\Users\Amine KAROUI\.m2\repository\org\springframework\boot\spring-boot-starter-web\3.0.5\spring-boot-starter-web-3.0.5.jar;C:\Users\Amine KAROUI\.m2\repository\org\springframework\boot\spring-boot-starter\3.0.5\spring-boot-starter-3.0.5.jar;C:\Users\Amine KAROUI\.m2\repository\org\springframework\boot\spring-boot\3.0.5\spring-boot-3.0.5.jar;C:\Users\Amine KAROUI\.m2\repository\org\springframework\boot\spring-boot-autoconfigure\3.0.5\spring-boot-autoconfigure-3.0.5.jar;C:\Users\Amine KAROUI\.m2\repository\org\springframework\boot\spring-boot-starter-logging\3.0.5\spring-boot-starter-logging-3.0.5.jar;C:\Users\Amine KAROUI\.m2\repository\ch\qos\logback\logback-classic\1.4.6\logback-classic-1.4.6.jar;C:\Users\Amine KAROUI\.m2\repository\ch\qos\logback\logback-core\1.4.6\logback-core-1.4.6.jar;C:\Users\Amine KAROUI\.m2\repository\org\apache\logging\log4j\log4j-to-slf4j\2.19.0\log4j-to-slf4j-2.19.0.jar;C:\Users\Amine KAROUI\.m2\repository\org\apache\logging\log4j\log4j-api\2.19.0\log4j-api-2.19.0.jar;C:\Users\Amine KAROUI\.m2\repository\org\slf4j\jul-to-slf4j\2.0.7\jul-to-slf4j-2.0.7.jar;C:\Users\Amine KAROUI\.m2\repository\jakarta\annotation\jakarta.annotation-api\2.1.1\jakarta.annotation-api-2.1.1.jar;C:\Users\Amine KAROUI\.m2\repository\org\yaml\snakeyaml\1.33\snakeyaml-1.33.jar;C:\Users\Amine KAROUI\.m2\repository\org\springframework\boot\spring-boot-starter-json\3.0.5\spring-boot-starter-json-3.0.5.jar;C:\Users\Amine KAROUI\.m2\repository\com\fasterxml\jackson\datatype\jackson-datatype-jdk8\2.14.2\jackson-datatype-jdk8-2.14.2.jar;C:\Users\Amine KAROUI\.m2\repository\com\fasterxml\jackson\datatype\jackson-datatype-jsr310\2.14.2\jackson-datatype-jsr310-2.14.2.jar;C:\Users\Amine KAROUI\.m2\repository\com\fasterxml\jackson\module\jackson-module-parameter-names\2.14.2\jackson-module-parameter-names-2.14.2.jar;C:\Users\Amine KAROUI\.m2\repository\org\springframework\boot\spring-boot-starter-tomcat\3.0.5\spring-boot-starter-tomcat-3.0.5.jar;C:\Users\Amine KAROUI\.m2\repository\org\apache\tomcat\embed\tomcat-embed-core\10.1.7\tomcat-embed-core-10.1.7.jar;C:\Users\Amine KAROUI\.m2\repository\org\apache\tomcat\embed\tomcat-embed-el\10.1.7\tomcat-embed-el-10.1.7.jar;C:\Users\Amine KAROUI\.m2\repository\org\apache\tomcat\embed\tomcat-embed-websocket\10.1.7\tomcat-embed-websocket-10.1.7.jar;C:\Users\Amine KAROUI\.m2\repository\org\springframework\spring-web\6.0.7\spring-web-6.0.7.jar;C:\Users\Amine KAROUI\.m2\repository\org\springframework\spring-beans\6.0.7\spring-beans-6.0.7.jar;C:\Users\Amine KAROUI\.m2\repository\io\micrometer\micrometer-observation\1.10.5\micrometer-observation-1.10.5.jar;C:\Users\Amine KAROUI\.m2\repository\io\micrometer\micrometer-commons\1.10.5\micrometer-commons-1.10.5.jar;C:\Users\Amine KAROUI\.m2\repository\org\springframework\spring-webmvc\6.0.7\spring-webmvc-6.0.7.jar;C:\Users\Amine KAROUI\.m2\repository\org\springframework\spring-aop\6.0.7\spring-aop-6.0.7.jar;C:\Users\Amine KAROUI\.m2\repository\org\springframework\spring-context\6.0.7\spring-context-6.0.7.jar;C:\Users\Amine KAROUI\.m2\repository\org\springframework\spring-expression\6.0.7\spring-expression-6.0.7.jar;C:\Users\Amine KAROUI\.m2\repository\org\springframework\boot\spring-boot-starter-test\3.0.5\spring-boot-starter-test-3.0.5.jar;C:\Users\Amine KAROUI\.m2\repository\org\springframework\boot\spring-boot-test\3.0.5\spring-boot-test-3.0.5.jar;C:\Users\Amine KAROUI\.m2\repository\org\springframework\boot\spring-boot-test-autoconfigure\3.0.5\spring-boot-test-autoconfigure-3.0.5.jar;C:\Users\Amine KAROUI\.m2\repository\com\jayway\jsonpath\json-path\2.7.0\json-path-2.7.0.jar;C:\Users\Amine KAROUI\.m2\repository\net\minidev\json-smart\2.4.10\json-smart-2.4.10.jar;C:\Users\Amine KAROUI\.m2\repository\net\minidev\accessors-smart\2.4.9\accessors-smart-2.4.9.jar;C:\Users\Amine KAROUI\.m2\repository\org\ow2\asm\asm\9.3\asm-9.3.jar;C:\Users\Amine KAROUI\.m2\repository\jakarta\xml\bind\jakarta.xml.bind-api\4.0.0\jakarta.xml.bind-api-4.0.0.jar;C:\Users\Amine KAROUI\.m2\repository\jakarta\activation\jakarta.activation-api\2.1.1\jakarta.activation-api-2.1.1.jar;C:\Users\Amine KAROUI\.m2\repository\org\assertj\assertj-core\3.23.1\assertj-core-3.23.1.jar;C:\Users\Amine KAROUI\.m2\repository\net\bytebuddy\byte-buddy\1.12.23\byte-buddy-1.12.23.jar;C:\Users\Amine KAROUI\.m2\repository\org\hamcrest\hamcrest\2.2\hamcrest-2.2.jar;C:\Users\Amine KAROUI\.m2\repository\org\junit\jupiter\junit-jupiter\5.9.2\junit-jupiter-5.9.2.jar;C:\Users\Amine KAROUI\.m2\repository\org\junit\jupiter\junit-jupiter-api\5.9.2\junit-jupiter-api-5.9.2.jar;C:\Users\Amine KAROUI\.m2\repository\org\opentest4j\opentest4j\1.2.0\opentest4j-1.2.0.jar;C:\Users\Amine KAROUI\.m2\repository\org\junit\platform\junit-platform-commons\1.9.2\junit-platform-commons-1.9.2.jar;C:\Users\Amine KAROUI\.m2\repository\org\apiguardian\apiguardian-api\1.1.2\apiguardian-api-1.1.2.jar;C:\Users\Amine KAROUI\.m2\repository\org\junit\jupiter\junit-jupiter-params\5.9.2\junit-jupiter-params-5.9.2.jar;C:\Users\Amine KAROUI\.m2\repository\org\junit\jupiter\junit-jupiter-engine\5.9.2\junit-jupiter-engine-5.9.2.jar;C:\Users\Amine KAROUI\.m2\repository\org\junit\platform\junit-platform-engine\1.9.2\junit-platform-engine-1.9.2.jar;C:\Users\Amine KAROUI\.m2\repository\org\mockito\mockito-core\4.8.1\mockito-core-4.8.1.jar;C:\Users\Amine KAROUI\.m2\repository\net\bytebuddy\byte-buddy-agent\1.12.23\byte-buddy-agent-1.12.23.jar;C:\Users\Amine KAROUI\.m2\repository\org\objenesis\objenesis\3.2\objenesis-3.2.jar;C:\Users\Amine KAROUI\.m2\repository\org\mockito\mockito-junit-jupiter\4.8.1\mockito-junit-jupiter-4.8.1.jar;C:\Users\Amine KAROUI\.m2\repository\org\skyscreamer\jsonassert\1.5.1\jsonassert-1.5.1.jar;C:\Users\Amine KAROUI\.m2\repository\com\vaadin\external\google\android-json\0.0.20131108.vaadin1\android-json-0.0.20131108.vaadin1.jar;C:\Users\Amine KAROUI\.m2\repository\org\springframework\spring-core\6.0.7\spring-core-6.0.7.jar;C:\Users\Amine KAROUI\.m2\repository\org\springframework\spring-jcl\6.0.7\spring-jcl-6.0.7.jar;C:\Users\Amine KAROUI\.m2\repository\org\springframework\spring-test\6.0.7\spring-test-6.0.7.jar;C:\Users\Amine KAROUI\.m2\repository\org\xmlunit\xmlunit-core\2.9.1\xmlunit-core-2.9.1.jar;C:\Users\Amine KAROUI\.m2\repository\net\sourceforge\owlapi\owlapi-distribution\4.5.20\owlapi-distribution-4.5.20.jar;C:\Users\Amine KAROUI\.m2\repository\net\sourceforge\owlapi\owlapi-compatibility\4.5.20\owlapi-compatibility-4.5.20.jar;C:\Users\Amine KAROUI\.m2\repository\net\sourceforge\owlapi\owlapi-apibinding\4.5.20\owlapi-apibinding-4.5.20.jar;C:\Users\Amine KAROUI\.m2\repository\net\sourceforge\owlapi\owlapi-api\4.5.20\owlapi-api-4.5.20.jar;C:\Users\Amine KAROUI\.m2\repository\com\github\ben-manes\caffeine\caffeine\3.1.5\caffeine-3.1.5.jar;C:\Users\Amine KAROUI\.m2\repository\org\checkerframework\checker-qual\3.32.0\checker-qual-3.32.0.jar;C:\Users\Amine KAROUI\.m2\repository\com\google\errorprone\error_prone_annotations\2.18.0\error_prone_annotations-2.18.0.jar;C:\Users\Amine KAROUI\.m2\repository\javax\inject\javax.inject\1\javax.inject-1.jar;C:\Users\Amine KAROUI\.m2\repository\net\sourceforge\owlapi\owlapi-impl\4.5.20\owlapi-impl-4.5.20.jar;C:\Users\Amine KAROUI\.m2\repository\net\sourceforge\owlapi\owlapi-parsers\4.5.20\owlapi-parsers-4.5.20.jar;C:\Users\Amine KAROUI\.m2\repository\net\sourceforge\owlapi\owlapi-oboformat\4.5.20\owlapi-oboformat-4.5.20.jar;C:\Users\Amine KAROUI\.m2\repository\net\sourceforge\owlapi\owlapi-tools\4.5.20\owlapi-tools-4.5.20.jar;C:\Users\Amine KAROUI\.m2\repository\net\sourceforge\owlapi\owlapi-fixers\4.5.20\owlapi-fixers-4.5.20.jar;C:\Users\Amine KAROUI\.m2\repository\net\sourceforge\owlapi\owlapi-rio\4.5.20\owlapi-rio-4.5.20.jar;C:\Users\Amine KAROUI\.m2\repository\com\fasterxml\jackson\core\jackson-core\2.14.2\jackson-core-2.14.2.jar;C:\Users\Amine KAROUI\.m2\repository\com\fasterxml\jackson\core\jackson-annotations\2.14.2\jackson-annotations-2.14.2.jar;C:\Users\Amine KAROUI\.m2\repository\org\tukaani\xz\1.6\xz-1.6.jar;C:\Users\Amine KAROUI\.m2\repository\org\slf4j\slf4j-api\2.0.7\slf4j-api-2.0.7.jar;C:\Users\Amine KAROUI\.m2\repository\org\slf4j\jcl-over-slf4j\2.0.7\jcl-over-slf4j-2.0.7.jar;C:\Users\Amine KAROUI\.m2\repository\org\eclipse\rdf4j\rdf4j-model\2.4.2\rdf4j-model-2.4.2.jar;C:\Users\Amine KAROUI\.m2\repository\org\eclipse\rdf4j\rdf4j-rio-api\2.4.2\rdf4j-rio-api-2.4.2.jar;C:\Users\Amine KAROUI\.m2\repository\org\eclipse\rdf4j\rdf4j-rio-languages\2.4.2\rdf4j-rio-languages-2.4.2.jar;C:\Users\Amine KAROUI\.m2\repository\org\eclipse\rdf4j\rdf4j-rio-datatypes\2.4.2\rdf4j-rio-datatypes-2.4.2.jar;C:\Users\Amine KAROUI\.m2\repository\org\eclipse\rdf4j\rdf4j-rio-binary\2.4.2\rdf4j-rio-binary-2.4.2.jar;C:\Users\Amine KAROUI\.m2\repository\org\eclipse\rdf4j\rdf4j-rio-n3\2.4.2\rdf4j-rio-n3-2.4.2.jar;C:\Users\Amine KAROUI\.m2\repository\org\eclipse\rdf4j\rdf4j-rio-nquads\2.4.2\rdf4j-rio-nquads-2.4.2.jar;C:\Users\Amine KAROUI\.m2\repository\org\eclipse\rdf4j\rdf4j-rio-ntriples\2.4.2\rdf4j-rio-ntriples-2.4.2.jar;C:\Users\Amine KAROUI\.m2\repository\org\eclipse\rdf4j\rdf4j-rio-rdfjson\2.4.2\rdf4j-rio-rdfjson-2.4.2.jar;C:\Users\Amine KAROUI\.m2\repository\org\eclipse\rdf4j\rdf4j-rio-jsonld\2.4.2\rdf4j-rio-jsonld-2.4.2.jar;C:\Users\Amine KAROUI\.m2\repository\org\apache\httpcomponents\httpclient\4.5.14\httpclient-4.5.14.jar;C:\Users\Amine KAROUI\.m2\repository\org\apache\httpcomponents\httpcore\4.4.16\httpcore-4.4.16.jar;C:\Users\Amine KAROUI\.m2\repository\org\apache\httpcomponents\httpclient-cache\4.5.14\httpclient-cache-4.5.14.jar;C:\Users\Amine KAROUI\.m2\repository\org\eclipse\rdf4j\rdf4j-rio-rdfxml\2.4.2\rdf4j-rio-rdfxml-2.4.2.jar;C:\Users\Amine KAROUI\.m2\repository\org\eclipse\rdf4j\rdf4j-rio-trix\2.4.2\rdf4j-rio-trix-2.4.2.jar;C:\Users\Amine KAROUI\.m2\repository\org\eclipse\rdf4j\rdf4j-rio-turtle\2.4.2\rdf4j-rio-turtle-2.4.2.jar;C:\Users\Amine KAROUI\.m2\repository\org\eclipse\rdf4j\rdf4j-rio-trig\2.4.2\rdf4j-rio-trig-2.4.2.jar;C:\Users\Amine KAROUI\.m2\repository\org\eclipse\rdf4j\rdf4j-util\2.4.2\rdf4j-util-2.4.2.jar;C:\Users\Amine KAROUI\.m2\repository\com\github\jsonld-java\jsonld-java\0.12.0\jsonld-java-0.12.0.jar;C:\Users\Amine KAROUI\.m2\repository\org\apache\httpcomponents\httpclient-osgi\4.5.14\httpclient-osgi-4.5.14.jar;C:\Users\Amine KAROUI\.m2\repository\commons-codec\commons-codec\1.15\commons-codec-1.15.jar;C:\Users\Amine KAROUI\.m2\repository\org\apache\httpcomponents\httpmime\4.5.14\httpmime-4.5.14.jar;C:\Users\Amine KAROUI\.m2\repository\org\apache\httpcomponents\fluent-hc\4.5.14\fluent-hc-4.5.14.jar;C:\Users\Amine KAROUI\.m2\repository\org\apache\httpcomponents\httpcore-osgi\4.4.9\httpcore-osgi-4.4.9.jar;C:\Users\Amine KAROUI\.m2\repository\org\apache\httpcomponents\httpcore-nio\4.4.16\httpcore-nio-4.4.16.jar;C:\Users\Amine KAROUI\.m2\repository\com\github\vsonnier\hppcrt\0.7.5\hppcrt-0.7.5.jar;C:\Users\Amine KAROUI\.m2\repository\com\google\guava\guava\18.0\guava-18.0.jar;C:\Users\Amine KAROUI\.m2\repository\com\google\code\findbugs\jsr305\3.0.1\jsr305-3.0.1.jar;C:\Users\Amine KAROUI\.m2\repository\commons-io\commons-io\2.5\commons-io-2.5.jar;C:\Users\Amine KAROUI\.m2\repository\com\github\ansell\pellet\pellet-owlapiv3\2.3.2\pellet-owlapiv3-2.3.2.jar;C:\Users\Amine KAROUI\.m2\repository\com\github\ansell\owlapi\owlapi-api\3.4.3.1-ansell\owlapi-api-3.4.3.1-ansell.jar;C:\Users\Amine KAROUI\.m2\repository\com\github\ansell\abstract-service-loader\abstract-service-loader\0.1\abstract-service-loader-0.1.jar;C:\Users\Amine KAROUI\.m2\repository\org\openrdf\sesame\sesame-model\2.7.0-beta1\sesame-model-2.7.0-beta1.jar;C:\Users\Amine KAROUI\.m2\repository\org\openrdf\sesame\sesame-util\2.7.0-beta1\sesame-util-2.7.0-beta1.jar;C:\Users\Amine KAROUI\.m2\repository\org\openrdf\sesame\sesame-rio-api\2.7.0-beta1\sesame-rio-api-2.7.0-beta1.jar;C:\Users\Amine KAROUI\.m2\repository\com\github\ansell\owlapi\owlapi-impl\3.4.3.1-ansell\owlapi-impl-3.4.3.1-ansell.jar;C:\Users\Amine KAROUI\.m2\repository\com\github\ansell\owlapi\owlapi-parsers\3.4.3.1-ansell\owlapi-parsers-3.4.3.1-ansell.jar;C:\Users\Amine KAROUI\.m2\repository\com\github\ansell\owlapi\owlapi-tools\3.4.3.1-ansell\owlapi-tools-3.4.3.1-ansell.jar;C:\Users\Amine KAROUI\.m2\repository\com\github\ansell\pellet\pellet-core\2.3.2\pellet-core-2.3.2.jar;C:\Users\Amine KAROUI\.m2\repository\com\github\ansell\pellet\pellet-common\2.3.2\pellet-common-2.3.2.jar;C:\Users\Amine KAROUI\.m2\repository\com\github\ansell\aterms\aterm-java\1.8.2-p1\aterm-java-1.8.2-p1.jar;C:\Users\Amine KAROUI\.m2\repository\com\github\ansell\jjtraveler\jjtraveler\0.6\jjtraveler-0.6.jar;C:\Users\Amine KAROUI\.m2\repository\com\github\ansell\aterms\shared-objects\1.4.9-p1\shared-objects-1.4.9-p1.jar;C:\Users\Amine KAROUI\.m2\repository\org\jgrapht\jgrapht-jdk1.5\0.7.3\jgrapht-jdk1.5-0.7.3.jar;C:\Users\Amine KAROUI\.m2\repository\msv\xsdlib\20030225\xsdlib-20030225.jar;C:\Users\Amine KAROUI\.m2\repository\msv\relaxngDatatype\20030225\relaxngDatatype-20030225.jar;C:\Users\Amine KAROUI\.m2\repository\xerces\xercesImpl\2.10.0\xercesImpl-2.10.0.jar;C:\Users\Amine KAROUI\.m2\repository\xml-apis\xml-apis\1.4.01\xml-apis-1.4.01.jar;C:\Users\Amine KAROUI\.m2\repository\com\hp\hpl\jena\jena\2.6.4\jena-2.6.4.jar;C:\Users\Amine KAROUI\.m2\repository\com\ibm\icu\icu4j\3.4.4\icu4j-3.4.4.jar;C:\Users\Amine KAROUI\.m2\repository\com\github\ansell\pellet\pellet-query\2.3.2\pellet-query-2.3.2.jar;C:\Users\Amine KAROUI\.m2\repository\com\hp\hpl\jena\arq\2.8.7\arq-2.8.7.jar;C:\Users\Amine KAROUI\.m2\repository\com\hp\hpl\jena\iri\0.8\iri-0.8.jar;C:\Users\Amine KAROUI\.m2\repository\org\codehaus\woodstox\wstx-asl\3.2.9\wstx-asl-3.2.9.jar;C:\Users\Amine KAROUI\.m2\repository\stax\stax-api\1.0.1\stax-api-1.0.1.jar;C:\Users\Amine KAROUI\.m2\repository\org\apache\lucene\lucene-core\2.3.1\lucene-core-2.3.1.jar;C:\Users\Amine KAROUI\.m2\repository\log4j\log4j\1.2.14\log4j-1.2.14.jar;C:\Users\Amine KAROUI\.m2\repository\com\github\ansell\pellet\pellet-jena\2.3.2\pellet-jena-2.3.2.jar;C:\Users\Amine KAROUI\.m2\repository\org\antlr\antlr-runtime\3.4\antlr-runtime-3.4.jar;C:\Users\Amine KAROUI\.m2\repository\org\antlr\stringtemplate\3.2.1\stringtemplate-3.2.1.jar;C:\Users\Amine KAROUI\.m2\repository\antlr\antlr\2.7.7\antlr-2.7.7.jar;C:\Users\Amine KAROUI\.m2\repository\org\kohsuke\metainf-services\metainf-services\1.4\metainf-services-1.4.jar;C:\Users\Amine KAROUI\.m2\repository\org\json\json\20210307\json-20210307.jar;C:\Users\Amine KAROUI\.m2\repository\com\fasterxml\jackson\core\jackson-databind\2.15.0-rc1\jackson-databind-2.15.0-rc1.jar;"/>
    <property name="java.vm.vendor" value="Oracle Corporation"/>
    <property name="sun.arch.data.model" value="64"/>
    <property name="user.variant" value=""/>
    <property name="java.vendor.url" value="https://java.oracle.com/"/>
    <property name="user.timezone" value="Europe/Paris"/>
    <property name="user.country.format" value="FR"/>
    <property name="os.name" value="Windows 10"/>
    <property name="java.vm.specification.version" value="17"/>
    <property name="sun.java.launcher" value="SUN_STANDARD"/>
    <property name="user.country" value="GB"/>
    <property name="sun.boot.library.path" value="C:\Program Files\Java\jdk-17\bin"/>
    <property name="sun.java.command" value="C:\Users\AMINEK~1\AppData\Local\Temp\surefire15933612458059270635\surefirebooter5496895335614491798.jar C:\Users\Amine KAROUI\AppData\Local\Temp\surefire15933612458059270635 2023-04-21T05-39-56_827-jvmRun1 surefire3887427237407615663tmp surefire_013636249507599669062tmp"/>
    <property name="jdk.debug" value="release"/>
    <property name="surefire.test.class.path" value="C:\Users\Amine KAROUI\eclipse-workspace\Jowl\target\test-classes;C:\Users\Amine KAROUI\eclipse-workspace\Jowl\target\classes;C:\Users\Amine KAROUI\.m2\repository\org\springframework\boot\spring-boot-starter-web\3.0.5\spring-boot-starter-web-3.0.5.jar;C:\Users\Amine KAROUI\.m2\repository\org\springframework\boot\spring-boot-starter\3.0.5\spring-boot-starter-3.0.5.jar;C:\Users\Amine KAROUI\.m2\repository\org\springframework\boot\spring-boot\3.0.5\spring-boot-3.0.5.jar;C:\Users\Amine KAROUI\.m2\repository\org\springframework\boot\spring-boot-autoconfigure\3.0.5\spring-boot-autoconfigure-3.0.5.jar;C:\Users\Amine KAROUI\.m2\repository\org\springframework\boot\spring-boot-starter-logging\3.0.5\spring-boot-starter-logging-3.0.5.jar;C:\Users\Amine KAROUI\.m2\repository\ch\qos\logback\logback-classic\1.4.6\logback-classic-1.4.6.jar;C:\Users\Amine KAROUI\.m2\repository\ch\qos\logback\logback-core\1.4.6\logback-core-1.4.6.jar;C:\Users\Amine KAROUI\.m2\repository\org\apache\logging\log4j\log4j-to-slf4j\2.19.0\log4j-to-slf4j-2.19.0.jar;C:\Users\Amine KAROUI\.m2\repository\org\apache\logging\log4j\log4j-api\2.19.0\log4j-api-2.19.0.jar;C:\Users\Amine KAROUI\.m2\repository\org\slf4j\jul-to-slf4j\2.0.7\jul-to-slf4j-2.0.7.jar;C:\Users\Amine KAROUI\.m2\repository\jakarta\annotation\jakarta.annotation-api\2.1.1\jakarta.annotation-api-2.1.1.jar;C:\Users\Amine KAROUI\.m2\repository\org\yaml\snakeyaml\1.33\snakeyaml-1.33.jar;C:\Users\Amine KAROUI\.m2\repository\org\springframework\boot\spring-boot-starter-json\3.0.5\spring-boot-starter-json-3.0.5.jar;C:\Users\Amine KAROUI\.m2\repository\com\fasterxml\jackson\datatype\jackson-datatype-jdk8\2.14.2\jackson-datatype-jdk8-2.14.2.jar;C:\Users\Amine KAROUI\.m2\repository\com\fasterxml\jackson\datatype\jackson-datatype-jsr310\2.14.2\jackson-datatype-jsr310-2.14.2.jar;C:\Users\Amine KAROUI\.m2\repository\com\fasterxml\jackson\module\jackson-module-parameter-names\2.14.2\jackson-module-parameter-names-2.14.2.jar;C:\Users\Amine KAROUI\.m2\repository\org\springframework\boot\spring-boot-starter-tomcat\3.0.5\spring-boot-starter-tomcat-3.0.5.jar;C:\Users\Amine KAROUI\.m2\repository\org\apache\tomcat\embed\tomcat-embed-core\10.1.7\tomcat-embed-core-10.1.7.jar;C:\Users\Amine KAROUI\.m2\repository\org\apache\tomcat\embed\tomcat-embed-el\10.1.7\tomcat-embed-el-10.1.7.jar;C:\Users\Amine KAROUI\.m2\repository\org\apache\tomcat\embed\tomcat-embed-websocket\10.1.7\tomcat-embed-websocket-10.1.7.jar;C:\Users\Amine KAROUI\.m2\repository\org\springframework\spring-web\6.0.7\spring-web-6.0.7.jar;C:\Users\Amine KAROUI\.m2\repository\org\springframework\spring-beans\6.0.7\spring-beans-6.0.7.jar;C:\Users\Amine KAROUI\.m2\repository\io\micrometer\micrometer-observation\1.10.5\micrometer-observation-1.10.5.jar;C:\Users\Amine KAROUI\.m2\repository\io\micrometer\micrometer-commons\1.10.5\micrometer-commons-1.10.5.jar;C:\Users\Amine KAROUI\.m2\repository\org\springframework\spring-webmvc\6.0.7\spring-webmvc-6.0.7.jar;C:\Users\Amine KAROUI\.m2\repository\org\springframework\spring-aop\6.0.7\spring-aop-6.0.7.jar;C:\Users\Amine KAROUI\.m2\repository\org\springframework\spring-context\6.0.7\spring-context-6.0.7.jar;C:\Users\Amine KAROUI\.m2\repository\org\springframework\spring-expression\6.0.7\spring-expression-6.0.7.jar;C:\Users\Amine KAROUI\.m2\repository\org\springframework\boot\spring-boot-starter-test\3.0.5\spring-boot-starter-test-3.0.5.jar;C:\Users\Amine KAROUI\.m2\repository\org\springframework\boot\spring-boot-test\3.0.5\spring-boot-test-3.0.5.jar;C:\Users\Amine KAROUI\.m2\repository\org\springframework\boot\spring-boot-test-autoconfigure\3.0.5\spring-boot-test-autoconfigure-3.0.5.jar;C:\Users\Amine KAROUI\.m2\repository\com\jayway\jsonpath\json-path\2.7.0\json-path-2.7.0.jar;C:\Users\Amine KAROUI\.m2\repository\net\minidev\json-smart\2.4.10\json-smart-2.4.10.jar;C:\Users\Amine KAROUI\.m2\repository\net\minidev\accessors-smart\2.4.9\accessors-smart-2.4.9.jar;C:\Users\Amine KAROUI\.m2\repository\org\ow2\asm\asm\9.3\asm-9.3.jar;C:\Users\Amine KAROUI\.m2\repository\jakarta\xml\bind\jakarta.xml.bind-api\4.0.0\jakarta.xml.bind-api-4.0.0.jar;C:\Users\Amine KAROUI\.m2\repository\jakarta\activation\jakarta.activation-api\2.1.1\jakarta.activation-api-2.1.1.jar;C:\Users\Amine KAROUI\.m2\repository\org\assertj\assertj-core\3.23.1\assertj-core-3.23.1.jar;C:\Users\Amine KAROUI\.m2\repository\net\bytebuddy\byte-buddy\1.12.23\byte-buddy-1.12.23.jar;C:\Users\Amine KAROUI\.m2\repository\org\hamcrest\hamcrest\2.2\hamcrest-2.2.jar;C:\Users\Amine KAROUI\.m2\repository\org\junit\jupiter\junit-jupiter\5.9.2\junit-jupiter-5.9.2.jar;C:\Users\Amine KAROUI\.m2\repository\org\junit\jupiter\junit-jupiter-api\5.9.2\junit-jupiter-api-5.9.2.jar;C:\Users\Amine KAROUI\.m2\repository\org\opentest4j\opentest4j\1.2.0\opentest4j-1.2.0.jar;C:\Users\Amine KAROUI\.m2\repository\org\junit\platform\junit-platform-commons\1.9.2\junit-platform-commons-1.9.2.jar;C:\Users\Amine KAROUI\.m2\repository\org\apiguardian\apiguardian-api\1.1.2\apiguardian-api-1.1.2.jar;C:\Users\Amine KAROUI\.m2\repository\org\junit\jupiter\junit-jupiter-params\5.9.2\junit-jupiter-params-5.9.2.jar;C:\Users\Amine KAROUI\.m2\repository\org\junit\jupiter\junit-jupiter-engine\5.9.2\junit-jupiter-engine-5.9.2.jar;C:\Users\Amine KAROUI\.m2\repository\org\junit\platform\junit-platform-engine\1.9.2\junit-platform-engine-1.9.2.jar;C:\Users\Amine KAROUI\.m2\repository\org\mockito\mockito-core\4.8.1\mockito-core-4.8.1.jar;C:\Users\Amine KAROUI\.m2\repository\net\bytebuddy\byte-buddy-agent\1.12.23\byte-buddy-agent-1.12.23.jar;C:\Users\Amine KAROUI\.m2\repository\org\objenesis\objenesis\3.2\objenesis-3.2.jar;C:\Users\Amine KAROUI\.m2\repository\org\mockito\mockito-junit-jupiter\4.8.1\mockito-junit-jupiter-4.8.1.jar;C:\Users\Amine KAROUI\.m2\repository\org\skyscreamer\jsonassert\1.5.1\jsonassert-1.5.1.jar;C:\Users\Amine KAROUI\.m2\repository\com\vaadin\external\google\android-json\0.0.20131108.vaadin1\android-json-0.0.20131108.vaadin1.jar;C:\Users\Amine KAROUI\.m2\repository\org\springframework\spring-core\6.0.7\spring-core-6.0.7.jar;C:\Users\Amine KAROUI\.m2\repository\org\springframework\spring-jcl\6.0.7\spring-jcl-6.0.7.jar;C:\Users\Amine KAROUI\.m2\repository\org\springframework\spring-test\6.0.7\spring-test-6.0.7.jar;C:\Users\Amine KAROUI\.m2\repository\org\xmlunit\xmlunit-core\2.9.1\xmlunit-core-2.9.1.jar;C:\Users\Amine KAROUI\.m2\repository\net\sourceforge\owlapi\owlapi-distribution\4.5.20\owlapi-distribution-4.5.20.jar;C:\Users\Amine KAROUI\.m2\repository\net\sourceforge\owlapi\owlapi-compatibility\4.5.20\owlapi-compatibility-4.5.20.jar;C:\Users\Amine KAROUI\.m2\repository\net\sourceforge\owlapi\owlapi-apibinding\4.5.20\owlapi-apibinding-4.5.20.jar;C:\Users\Amine KAROUI\.m2\repository\net\sourceforge\owlapi\owlapi-api\4.5.20\owlapi-api-4.5.20.jar;C:\Users\Amine KAROUI\.m2\repository\com\github\ben-manes\caffeine\caffeine\3.1.5\caffeine-3.1.5.jar;C:\Users\Amine KAROUI\.m2\repository\org\checkerframework\checker-qual\3.32.0\checker-qual-3.32.0.jar;C:\Users\Amine KAROUI\.m2\repository\com\google\errorprone\error_prone_annotations\2.18.0\error_prone_annotations-2.18.0.jar;C:\Users\Amine KAROUI\.m2\repository\javax\inject\javax.inject\1\javax.inject-1.jar;C:\Users\Amine KAROUI\.m2\repository\net\sourceforge\owlapi\owlapi-impl\4.5.20\owlapi-impl-4.5.20.jar;C:\Users\Amine KAROUI\.m2\repository\net\sourceforge\owlapi\owlapi-parsers\4.5.20\owlapi-parsers-4.5.20.jar;C:\Users\Amine KAROUI\.m2\repository\net\sourceforge\owlapi\owlapi-oboformat\4.5.20\owlapi-oboformat-4.5.20.jar;C:\Users\Amine KAROUI\.m2\repository\net\sourceforge\owlapi\owlapi-tools\4.5.20\owlapi-tools-4.5.20.jar;C:\Users\Amine KAROUI\.m2\repository\net\sourceforge\owlapi\owlapi-fixers\4.5.20\owlapi-fixers-4.5.20.jar;C:\Users\Amine KAROUI\.m2\repository\net\sourceforge\owlapi\owlapi-rio\4.5.20\owlapi-rio-4.5.20.jar;C:\Users\Amine KAROUI\.m2\repository\com\fasterxml\jackson\core\jackson-core\2.14.2\jackson-core-2.14.2.jar;C:\Users\Amine KAROUI\.m2\repository\com\fasterxml\jackson\core\jackson-annotations\2.14.2\jackson-annotations-2.14.2.jar;C:\Users\Amine KAROUI\.m2\repository\org\tukaani\xz\1.6\xz-1.6.jar;C:\Users\Amine KAROUI\.m2\repository\org\slf4j\slf4j-api\2.0.7\slf4j-api-2.0.7.jar;C:\Users\Amine KAROUI\.m2\repository\org\slf4j\jcl-over-slf4j\2.0.7\jcl-over-slf4j-2.0.7.jar;C:\Users\Amine KAROUI\.m2\repository\org\eclipse\rdf4j\rdf4j-model\2.4.2\rdf4j-model-2.4.2.jar;C:\Users\Amine KAROUI\.m2\repository\org\eclipse\rdf4j\rdf4j-rio-api\2.4.2\rdf4j-rio-api-2.4.2.jar;C:\Users\Amine KAROUI\.m2\repository\org\eclipse\rdf4j\rdf4j-rio-languages\2.4.2\rdf4j-rio-languages-2.4.2.jar;C:\Users\Amine KAROUI\.m2\repository\org\eclipse\rdf4j\rdf4j-rio-datatypes\2.4.2\rdf4j-rio-datatypes-2.4.2.jar;C:\Users\Amine KAROUI\.m2\repository\org\eclipse\rdf4j\rdf4j-rio-binary\2.4.2\rdf4j-rio-binary-2.4.2.jar;C:\Users\Amine KAROUI\.m2\repository\org\eclipse\rdf4j\rdf4j-rio-n3\2.4.2\rdf4j-rio-n3-2.4.2.jar;C:\Users\Amine KAROUI\.m2\repository\org\eclipse\rdf4j\rdf4j-rio-nquads\2.4.2\rdf4j-rio-nquads-2.4.2.jar;C:\Users\Amine KAROUI\.m2\repository\org\eclipse\rdf4j\rdf4j-rio-ntriples\2.4.2\rdf4j-rio-ntriples-2.4.2.jar;C:\Users\Amine KAROUI\.m2\repository\org\eclipse\rdf4j\rdf4j-rio-rdfjson\2.4.2\rdf4j-rio-rdfjson-2.4.2.jar;C:\Users\Amine KAROUI\.m2\repository\org\eclipse\rdf4j\rdf4j-rio-jsonld\2.4.2\rdf4j-rio-jsonld-2.4.2.jar;C:\Users\Amine KAROUI\.m2\repository\org\apache\httpcomponents\httpclient\4.5.14\httpclient-4.5.14.jar;C:\Users\Amine KAROUI\.m2\repository\org\apache\httpcomponents\httpcore\4.4.16\httpcore-4.4.16.jar;C:\Users\Amine KAROUI\.m2\repository\org\apache\httpcomponents\httpclient-cache\4.5.14\httpclient-cache-4.5.14.jar;C:\Users\Amine KAROUI\.m2\repository\org\eclipse\rdf4j\rdf4j-rio-rdfxml\2.4.2\rdf4j-rio-rdfxml-2.4.2.jar;C:\Users\Amine KAROUI\.m2\repository\org\eclipse\rdf4j\rdf4j-rio-trix\2.4.2\rdf4j-rio-trix-2.4.2.jar;C:\Users\Amine KAROUI\.m2\repository\org\eclipse\rdf4j\rdf4j-rio-turtle\2.4.2\rdf4j-rio-turtle-2.4.2.jar;C:\Users\Amine KAROUI\.m2\repository\org\eclipse\rdf4j\rdf4j-rio-trig\2.4.2\rdf4j-rio-trig-2.4.2.jar;C:\Users\Amine KAROUI\.m2\repository\org\eclipse\rdf4j\rdf4j-util\2.4.2\rdf4j-util-2.4.2.jar;C:\Users\Amine KAROUI\.m2\repository\com\github\jsonld-java\jsonld-java\0.12.0\jsonld-java-0.12.0.jar;C:\Users\Amine KAROUI\.m2\repository\org\apache\httpcomponents\httpclient-osgi\4.5.14\httpclient-osgi-4.5.14.jar;C:\Users\Amine KAROUI\.m2\repository\commons-codec\commons-codec\1.15\commons-codec-1.15.jar;C:\Users\Amine KAROUI\.m2\repository\org\apache\httpcomponents\httpmime\4.5.14\httpmime-4.5.14.jar;C:\Users\Amine KAROUI\.m2\repository\org\apache\httpcomponents\fluent-hc\4.5.14\fluent-hc-4.5.14.jar;C:\Users\Amine KAROUI\.m2\repository\org\apache\httpcomponents\httpcore-osgi\4.4.9\httpcore-osgi-4.4.9.jar;C:\Users\Amine KAROUI\.m2\repository\org\apache\httpcomponents\httpcore-nio\4.4.16\httpcore-nio-4.4.16.jar;C:\Users\Amine KAROUI\.m2\repository\com\github\vsonnier\hppcrt\0.7.5\hppcrt-0.7.5.jar;C:\Users\Amine KAROUI\.m2\repository\com\google\guava\guava\18.0\guava-18.0.jar;C:\Users\Amine KAROUI\.m2\repository\com\google\code\findbugs\jsr305\3.0.1\jsr305-3.0.1.jar;C:\Users\Amine KAROUI\.m2\repository\commons-io\commons-io\2.5\commons-io-2.5.jar;C:\Users\Amine KAROUI\.m2\repository\com\github\ansell\pellet\pellet-owlapiv3\2.3.2\pellet-owlapiv3-2.3.2.jar;C:\Users\Amine KAROUI\.m2\repository\com\github\ansell\owlapi\owlapi-api\3.4.3.1-ansell\owlapi-api-3.4.3.1-ansell.jar;C:\Users\Amine KAROUI\.m2\repository\com\github\ansell\abstract-service-loader\abstract-service-loader\0.1\abstract-service-loader-0.1.jar;C:\Users\Amine KAROUI\.m2\repository\org\openrdf\sesame\sesame-model\2.7.0-beta1\sesame-model-2.7.0-beta1.jar;C:\Users\Amine KAROUI\.m2\repository\org\openrdf\sesame\sesame-util\2.7.0-beta1\sesame-util-2.7.0-beta1.jar;C:\Users\Amine KAROUI\.m2\repository\org\openrdf\sesame\sesame-rio-api\2.7.0-beta1\sesame-rio-api-2.7.0-beta1.jar;C:\Users\Amine KAROUI\.m2\repository\com\github\ansell\owlapi\owlapi-impl\3.4.3.1-ansell\owlapi-impl-3.4.3.1-ansell.jar;C:\Users\Amine KAROUI\.m2\repository\com\github\ansell\owlapi\owlapi-parsers\3.4.3.1-ansell\owlapi-parsers-3.4.3.1-ansell.jar;C:\Users\Amine KAROUI\.m2\repository\com\github\ansell\owlapi\owlapi-tools\3.4.3.1-ansell\owlapi-tools-3.4.3.1-ansell.jar;C:\Users\Amine KAROUI\.m2\repository\com\github\ansell\pellet\pellet-core\2.3.2\pellet-core-2.3.2.jar;C:\Users\Amine KAROUI\.m2\repository\com\github\ansell\pellet\pellet-common\2.3.2\pellet-common-2.3.2.jar;C:\Users\Amine KAROUI\.m2\repository\com\github\ansell\aterms\aterm-java\1.8.2-p1\aterm-java-1.8.2-p1.jar;C:\Users\Amine KAROUI\.m2\repository\com\github\ansell\jjtraveler\jjtraveler\0.6\jjtraveler-0.6.jar;C:\Users\Amine KAROUI\.m2\repository\com\github\ansell\aterms\shared-objects\1.4.9-p1\shared-objects-1.4.9-p1.jar;C:\Users\Amine KAROUI\.m2\repository\org\jgrapht\jgrapht-jdk1.5\0.7.3\jgrapht-jdk1.5-0.7.3.jar;C:\Users\Amine KAROUI\.m2\repository\msv\xsdlib\20030225\xsdlib-20030225.jar;C:\Users\Amine KAROUI\.m2\repository\msv\relaxngDatatype\20030225\relaxngDatatype-20030225.jar;C:\Users\Amine KAROUI\.m2\repository\xerces\xercesImpl\2.10.0\xercesImpl-2.10.0.jar;C:\Users\Amine KAROUI\.m2\repository\xml-apis\xml-apis\1.4.01\xml-apis-1.4.01.jar;C:\Users\Amine KAROUI\.m2\repository\com\hp\hpl\jena\jena\2.6.4\jena-2.6.4.jar;C:\Users\Amine KAROUI\.m2\repository\com\ibm\icu\icu4j\3.4.4\icu4j-3.4.4.jar;C:\Users\Amine KAROUI\.m2\repository\com\github\ansell\pellet\pellet-query\2.3.2\pellet-query-2.3.2.jar;C:\Users\Amine KAROUI\.m2\repository\com\hp\hpl\jena\arq\2.8.7\arq-2.8.7.jar;C:\Users\Amine KAROUI\.m2\repository\com\hp\hpl\jena\iri\0.8\iri-0.8.jar;C:\Users\Amine KAROUI\.m2\repository\org\codehaus\woodstox\wstx-asl\3.2.9\wstx-asl-3.2.9.jar;C:\Users\Amine KAROUI\.m2\repository\stax\stax-api\1.0.1\stax-api-1.0.1.jar;C:\Users\Amine KAROUI\.m2\repository\org\apache\lucene\lucene-core\2.3.1\lucene-core-2.3.1.jar;C:\Users\Amine KAROUI\.m2\repository\log4j\log4j\1.2.14\log4j-1.2.14.jar;C:\Users\Amine KAROUI\.m2\repository\com\github\ansell\pellet\pellet-jena\2.3.2\pellet-jena-2.3.2.jar;C:\Users\Amine KAROUI\.m2\repository\org\antlr\antlr-runtime\3.4\antlr-runtime-3.4.jar;C:\Users\Amine KAROUI\.m2\repository\org\antlr\stringtemplate\3.2.1\stringtemplate-3.2.1.jar;C:\Users\Amine KAROUI\.m2\repository\antlr\antlr\2.7.7\antlr-2.7.7.jar;C:\Users\Amine KAROUI\.m2\repository\org\kohsuke\metainf-services\metainf-services\1.4\metainf-services-1.4.jar;C:\Users\Amine KAROUI\.m2\repository\org\json\json\20210307\json-20210307.jar;C:\Users\Amine KAROUI\.m2\repository\com\fasterxml\jackson\core\jackson-databind\2.15.0-rc1\jackson-databind-2.15.0-rc1.jar;"/>
    <property name="sun.cpu.endian" value="little"/>
    <property name="user.home" value="C:\Users\Amine KAROUI"/>
    <property name="user.language" value="en"/>
    <property name="java.specification.vendor" value="Oracle Corporation"/>
    <property name="java.version.date" value="2023-01-17"/>
    <property name="java.home" value="C:\Program Files\Java\jdk-17"/>
    <property name="file.separator" value="\"/>
    <property name="style.color" value="always"/>
    <property name="basedir" value="C:\Users\Amine KAROUI\eclipse-workspace\Jowl"/>
    <property name="java.vm.compressedOopsMode" value="Zero based"/>
    <property name="line.separator" value="&#10;"/>
    <property name="java.vm.specification.vendor" value="Oracle Corporation"/>
    <property name="java.specification.name" value="Java Platform API Specification"/>
    <property name="surefire.real.class.path" value="C:\Users\AMINEK~1\AppData\Local\Temp\surefire15933612458059270635\surefirebooter5496895335614491798.jar"/>
    <property name="user.script" value=""/>
    <property name="sun.management.compiler" value="HotSpot 64-Bit Tiered Compilers"/>
    <property name="java.runtime.version" value="17.0.6+9-LTS-190"/>
    <property name="user.name" value="Amine KAROUI"/>
    <property name="path.separator" value=";"/>
    <property name="os.version" value="10.0"/>
    <property name="java.runtime.name" value="Java(TM) SE Runtime Environment"/>
    <property name="file.encoding" value="Cp1252"/>
    <property name="java.vm.name" value="Java HotSpot(TM) 64-Bit Server VM"/>
    <property name="localRepository" value="C:\Users\Amine KAROUI\.m2\repository"/>
    <property name="java.vendor.url.bug" value="https://bugreport.java.com/bugreport/"/>
    <property name="java.io.tmpdir" value="C:\Users\AMINEK~1\AppData\Local\Temp\"/>
    <property name="java.version" value="17.0.6"/>
    <property name="user.dir" value="C:\Users\Amine KAROUI\eclipse-workspace\Jowl"/>
    <property name="os.arch" value="amd64"/>
    <property name="java.vm.specification.name" value="Java Virtual Machine Specification"/>
    <property name="user.language.format" value="fr"/>
    <property name="sun.os.patch.level" value=""/>
    <property name="native.encoding" value="Cp1252"/>
    <property name="java.library.path" value="C:\Program Files\Java\jdk-17\bin;C:\Windows\Sun\Java\bin;C:\Windows\system32;C:\Windows;C:/Program Files/Java/jdk-17/bin/server;C:/Program Files/Java/jdk-17/bin;C:\Program Files\Common Files\Oracle\Java\javapath;C:\Python311\Scripts\;C:\Python311\;C:\Program Files (x86)\Intel\iCLS Client\;C:\Program Files\Intel\iCLS Client\;C:\Windows\system32;C:\Windows;C:\Windows\System32\Wbem;C:\Windows\System32\WindowsPowerShell\v1.0\;C:\Windows\System32\OpenSSH\;C:\Program Files (x86)\NVIDIA Corporation\PhysX\Common;C:\Program Files\Intel\WiFi\bin\;C:\Program Files\Common Files\Intel\WirelessCommon\;C:\Program Files (x86)\Intel\Intel(R) Management Engine Components\DAL;C:\Program Files\Intel\Intel(R) Management Engine Components\DAL;C:\Program Files (x86)\Intel\Intel(R) Management Engine Components\IPT;C:\Program Files\Intel\Intel(R) Management Engine Components\IPT;C:\Program Files\NVIDIA Corporation\NVIDIA NvDLISR;C:\Program Files\nodejs\;C:\ProgramData\chocolatey\bin;C:\Program Files\Git\cmd;C:\xampp\php;C:\composer;C:\Program Files\Docker\Docker\resources\bin;C:\Program Files\Java\jdk-17;C:\Program Files\apache-maven-3.9.0\bin;C:\Users\Amine KAROUI\AppData\Local\Microsoft\WindowsApps;C:\Program Files\Intel\WiFi\bin\;C:\Program Files\Common Files\Intel\WirelessCommon\;C:\Users\Amine KAROUI\AppData\Local\Programs\Microsoft VS Code\bin;C:\Users\Amine KAROUI\AppData\Roaming\npm;C:\Users\Amine KAROUI\AppData\Roaming\Composer\vendor\bin;C:\Windows\system32;;."/>
    <property name="java.vm.info" value="mixed mode, sharing"/>
    <property name="java.vendor" value="Oracle Corporation"/>
    <property name="java.vm.version" value="17.0.6+9-LTS-190"/>
    <property name="sun.io.unicode.encoding" value="UnicodeLittle"/>
    <property name="java.class.version" value="61.0"/>
  </properties>
  <testcase name="contextLoads" classname="com.souslesens.Jowl.JowlApplicationTests" time="0.552"/>
</testsuite>